==========================================================
  NETWORK PROPERTIES LOG
  Replicate:      1 of 1
  Seed:           412331
  Sample suffix:  SMP0001
  Replicate tag:  N0001
  Sample label:   PD_SMP0001_N0001
  Generated:      2026-03-27 10:45:38
==========================================================

  Replicate index                       : 1
  Random seed                           : 412331
  Sample label                          : PD_SMP0001_N0001
  Number of atoms                       : 187
  Atom X range [xlo xhi]                : [-79.9282  79.8933]
  Atom Y range [ylo yhi]                : [-79.6752  79.7316]
  Number of bonds                       : 555
  Mean equilibrium bond length          : 28.7424  [b-units]
  Std dev of equilibrium bond length    : 9.8621  [b-units]
  Domain xlo                            : -80.0000  [b-units]
  Domain xhi                            : 80.0000  [b-units]
  Domain ylo                            : -80.0000  [b-units]
  Domain yhi                            : 80.0000  [b-units]
  Domain zlo                            : -16.0000  [b-units]
  Domain zhi                            : 16.0000  [b-units]
  Boundary condition                    : fixed
  Node placement geometry               : random
  Strand topology mode                  : poly
  Crosslink number density              : 0.000228  [1/b^3]
  Mean Kuhn segments per chain          : 39.8595
  Std dev Kuhn segments per chain       : 18.6370
  Min Kuhn segments per chain           : 20
  Max Kuhn segments per chain           : 105
  Total Kuhn segments per crosslink     : 118.2995
  Equilibrium local density (rho0)      : 12.800000
  LD lower cutoff radius                : 4.3506  [b]
  LD upper cutoff radius                : 21.7531  [b]
  BPM cutoff radius (rc)                : 10.8766  [b]
  Hexatic order parameter phi6          : 0.0375
  Hexagonal order parameter phi6        : 0.3481

==========================================================
