==========================================================
  NETWORK PROPERTIES LOG
  Replicate:      1 of 1
  Seed:           443396
  Sample suffix:  SMP0001
  Replicate tag:  N0001
  Sample label:   MD_SMP0001_N0001
  Generated:      2026-03-27 11:53:08
==========================================================

  Replicate index                       : 1
  Random seed                           : 443396
  Sample label                          : MD_SMP0001_N0001
  Number of atoms                       : 168
  Atom X range [xlo xhi]                : [-79.3263  79.4178]
  Atom Y range [ylo yhi]                : [-79.1075  78.9916]
  Number of bonds                       : 413
  Mean equilibrium bond length          : 12.9523  [b-units]
  Std dev of equilibrium bond length    : 2.2997  [b-units]
  Domain xlo                            : -80.0000  [b-units]
  Domain xhi                            : 80.0000  [b-units]
  Domain ylo                            : -80.0000  [b-units]
  Domain yhi                            : 80.0000  [b-units]
  Domain zlo                            : -16.0000  [b-units]
  Domain zhi                            : 16.0000  [b-units]
  Boundary condition                    : fixed
  Node placement geometry               : random
  Strand topology mode                  : mono
  Crosslink number density              : 0.000205  [1/b^3]
  Mean Kuhn segments per chain          : 100.0000
  Std dev Kuhn segments per chain       : 0.0000
  Min Kuhn segments per chain           : 100
  Max Kuhn segments per chain           : 100
  Total Kuhn segments per crosslink     : 245.8333
  Equilibrium local density (rho0)      : 12.800000
  LD lower cutoff radius                : 6.2716  [b]
  LD upper cutoff radius                : 31.3581  [b]
  BPM cutoff radius (rc)                : 15.6791  [b]
  Hexatic order parameter phi6          : 0.0618
  Hexagonal order parameter phi6        : 0.4683

==========================================================
